actionid: py36
msg: envreport
cmdargs: ['/Users/anthonybroome/google_drive/allspark/cli/.tox/py36/bin/pip', 'freeze']
env: {'GOPATH': '/Users/anthonybroome/gopath', 'rvm_version': '1.28.0 (latest)', 'rvm_path': '/Users/anthonybroome/.rvm', 'TERM_PROGRAM_VERSION': '388.1.1', 'RUBY_VERSION': 'ruby-2.3.3', 'LOGNAME': 'anthonybroome', 'USER': 'anthonybroome', 'HOME': '/Users/anthonybroome', 'PATH': '/Users/anthonybroome/google_drive/allspark/cli/.tox/py36/bin:/Users/anthonybroome/Downloads/google-cloud-sdk/bin:/Users/anthonybroome/.rvm/gems/ruby-2.3.3/bin:/Users/anthonybroome/.rvm/gems/ruby-2.3.3@global/bin:/Users/anthonybroome/.rvm/rubies/ruby-2.3.3/bin:/usr/local/bin:/usr/bin:/bin:/usr/sbin:/sbin:/opt/X11/bin:/usr/local/share/dotnet:/Users/anthonybroome/Library/Python/2.7/bin:/Users/anthonybroome/.rvm/bin:/Users/anthonybroome/bin:/usr/local/go/bin', 'DISPLAY': '/private/tmp/com.apple.launchd.wHbTuacO45/org.macosforge.xquartz:0', 'TERM_PROGRAM': 'Apple_Terminal', 'LANG': 'en_GB.UTF-8', 'TERM': 'xterm-256color', 'SHELL': '/bin/bash', 'SHLVL': '1', 'SECURITYSESSIONID': '186a6', 'PWD': '/Users/anthonybroome/google_drive/allspark/cli', 'XPC_FLAGS': '0x0', 'PYTHONHASHSEED': '615425642', 'TMPDIR': '/var/folders/tl/f741nd0n1cj1838m00wj1z640000gn/T/', '_system_arch': 'x86_64', 'GEM_PATH': '/Users/anthonybroome/.rvm/gems/ruby-2.3.3:/Users/anthonybroome/.rvm/gems/ruby-2.3.3@global', 'rvm_bin_path': '/Users/anthonybroome/.rvm/bin', 'TERM_SESSION_ID': '64711754-8BA1-4219-8ACD-731B1B30E2DE', 'SSH_AUTH_SOCK': '/private/tmp/com.apple.launchd.NHz7vUxr9t/Listeners', 'rvm_prefix': '/Users/anthonybroome', 'XPC_SERVICE_NAME': '0', 'IRBRC': '/Users/anthonybroome/.rvm/rubies/ruby-2.3.3/.irbrc', '_system_type': 'Darwin', 'MY_RUBY_HOME': '/Users/anthonybroome/.rvm/rubies/ruby-2.3.3', 'Apple_PubSub_Socket_Render': '/private/tmp/com.apple.launchd.X1gJYV0UWK/Render', '_': '/usr/local/bin/tox', 'VIRTUAL_ENV': '/Users/anthonybroome/google_drive/allspark/cli/.tox/py36', 'OLDPWD': '/Users/anthonybroome', '__CF_USER_TEXT_ENCODING': '0x1F5:0x0:0x2', '_system_name': 'OSX', '_system_version': '10.12', 'GEM_HOME': '/Users/anthonybroome/.rvm/gems/ruby-2.3.3'}

allspark==0.1.3
ansible==2.3.1.0
asn1crypto==0.22.0
bcrypt==3.1.3
certifi==2017.4.17
cffi==1.10.0
chardet==3.0.4
click==6.7
colorama==0.3.9
cryptography==2.0
idna==2.5
Jinja2==2.9.6
jsonmerge==1.4.0
jsonschema==2.6.0
keyring==10.4.0
MarkupSafe==1.0
ntlm-auth==1.0.5
oauthlib==2.0.2
ordereddict==1.1
paramiko==2.2.1
py==1.4.34
pyasn1==0.2.3
pycparser==2.18
pycrypto==2.6.1
PyNaCl==1.1.2
pytest==3.1.3
pywinrm==0.2.2
PyYAML==3.12
requests==2.18.2
requests-ntlm==1.0.0
requests-oauthlib==0.8.0
requests-toolbelt==0.8.0
six==1.10.0
tlslite==0.4.9
urllib3==1.22
vcversioner==2.16.0.0
xmltodict==0.11.0
